# JRE version: OpenJDK Runtime Environment (21.0.7) (build 21.0.7+-13880790-b1038.58)
# Java VM: OpenJDK 64-Bit Server VM (21.0.7+-13880790-b1038.58, mixed mode, tiered, compressed oops, compressed class ptrs, g1 gc, windows-amd64)
GC Precious Log:
 CardTable entry size: 512
 Card Set container configuration: InlinePtr #cards 5 size 8 Array Of Cards #cards 12 size 40 Howl #buckets 4 coarsen threshold 1843 Howl Bitmap #cards 512 size 80 coarsen threshold 460 Card regions per heap region 1 cards per card region 2048
 CPUs: 8 total, 8 available
 Memory: 7976M
 Large Page Support: Disabled
 NUMA Support: Disabled
 Compressed Oops: Enabled (32-bit)
 Heap Region Size: 1M
 Heap Min Capacity: 8M
 Heap Initial Capacity: 126M
 Heap Max Capacity: 2G
 Pre-touch: Disabled
 Parallel Workers: 8
 Concurrent Workers: 2
 Concurrent Refinement Workers: 8
 Periodic GC: Disabled
Heap:
 garbage-first heap   total 71680K, used 64267K [0x0000000080000000, 0x0000000100000000)
  region size 1024K, 32 young (32768K), 4 survivors (4096K)
 Metaspace       used 55647K, committed 57088K, reserved 1114112K
  class space    used 7670K, committed 8384K, reserved 1048576K
GC Heap History (20 events):
Event: 7.653 GC heap before
{Heap before GC invocations=2 (full 0):
 garbage-first heap   total 129024K, used 83805K [0x0000000080000000, 0x0000000100000000)
  region size 1024K, 75 young (76800K), 5 survivors (5120K)
 Metaspace       used 20570K, committed 20864K, reserved 1114112K
  class space    used 2379K, committed 2496K, reserved 1048576K
}
Event: 7.673 GC heap after
{Heap after GC invocations=3 (full 0):
 garbage-first heap   total 129024K, used 19453K [0x0000000080000000, 0x0000000100000000)
  region size 1024K, 10 young (10240K), 10 survivors (10240K)
 Metaspace       used 20570K, committed 20864K, reserved 1114112K
  class space    used 2379K, committed 2496K, reserved 1048576K
}
Event: 7.812 GC heap before
{Heap before GC invocations=3 (full 0):
 garbage-first heap   total 129024K, used 23549K [0x0000000080000000, 0x0000000100000000)
  region size 1024K, 15 young (15360K), 10 survivors (10240K)
 Metaspace       used 21251K, committed 21504K, reserved 1114112K
  class space    used 2492K, committed 2624K, reserved 1048576K
}
Event: 7.823 GC heap after
{Heap after GC invocations=4 (full 0):
 garbage-first heap   total 129024K, used 20859K [0x0000000080000000, 0x0000000100000000)
  region size 1024K, 1 young (1024K), 1 survivors (1024K)
 Metaspace       used 21251K, committed 21504K, reserved 1114112K
  class space    used 2492K, committed 2624K, reserved 1048576K
}
Event: 9.164 GC heap before
{Heap before GC invocations=5 (full 0):
 garbage-first heap   total 71680K, used 61819K [0x0000000080000000, 0x0000000100000000)
  region size 1024K, 42 young (43008K), 1 survivors (1024K)
 Metaspace       used 28195K, committed 28672K, reserved 1114112K
  class space    used 3577K, committed 3776K, reserved 1048576K
}
Event: 9.171 GC heap after
{Heap after GC invocations=6 (full 0):
 garbage-first heap   total 71680K, used 22724K [0x0000000080000000, 0x0000000100000000)
  region size 1024K, 3 young (3072K), 3 survivors (3072K)
 Metaspace       used 28195K, committed 28672K, reserved 1114112K
  class space    used 3577K, committed 3776K, reserved 1048576K
}
Event: 10.072 GC heap before
{Heap before GC invocations=6 (full 0):
 garbage-first heap   total 71680K, used 57540K [0x0000000080000000, 0x0000000100000000)
  region size 1024K, 37 young (37888K), 3 survivors (3072K)
 Metaspace       used 32683K, committed 33344K, reserved 1114112K
  class space    used 4354K, committed 4672K, reserved 1048576K
}
Event: 10.079 GC heap after
{Heap after GC invocations=7 (full 0):
 garbage-first heap   total 71680K, used 24973K [0x0000000080000000, 0x0000000100000000)
  region size 1024K, 5 young (5120K), 5 survivors (5120K)
 Metaspace       used 32683K, committed 33344K, reserved 1114112K
  class space    used 4354K, committed 4672K, reserved 1048576K
}
Event: 10.419 GC heap before
{Heap before GC invocations=7 (full 0):
 garbage-first heap   total 71680K, used 41357K [0x0000000080000000, 0x0000000100000000)
  region size 1024K, 23 young (23552K), 5 survivors (5120K)
 Metaspace       used 35166K, committed 35968K, reserved 1114112K
  class space    used 4764K, committed 5120K, reserved 1048576K
}
Event: 10.427 GC heap after
{Heap after GC invocations=8 (full 0):
 garbage-first heap   total 71680K, used 25741K [0x0000000080000000, 0x0000000100000000)
  region size 1024K, 4 young (4096K), 4 survivors (4096K)
 Metaspace       used 35166K, committed 35968K, reserved 1114112K
  class space    used 4764K, committed 5120K, reserved 1048576K
}
Event: 11.361 GC heap before
{Heap before GC invocations=9 (full 0):
 garbage-first heap   total 71680K, used 59533K [0x0000000080000000, 0x0000000100000000)
  region size 1024K, 38 young (38912K), 4 survivors (4096K)
 Metaspace       used 42166K, committed 43072K, reserved 1114112K
  class space    used 5685K, committed 6144K, reserved 1048576K
}
Event: 11.369 GC heap after
{Heap after GC invocations=10 (full 0):
 garbage-first heap   total 71680K, used 29145K [0x0000000080000000, 0x0000000100000000)
  region size 1024K, 5 young (5120K), 5 survivors (5120K)
 Metaspace       used 42166K, committed 43072K, reserved 1114112K
  class space    used 5685K, committed 6144K, reserved 1048576K
}
Event: 12.030 GC heap before
{Heap before GC invocations=10 (full 0):
 garbage-first heap   total 71680K, used 59865K [0x0000000080000000, 0x0000000100000000)
  region size 1024K, 36 young (36864K), 5 survivors (5120K)
 Metaspace       used 44242K, committed 45120K, reserved 1114112K
  class space    used 5917K, committed 6336K, reserved 1048576K
}
Event: 12.044 GC heap after
{Heap after GC invocations=11 (full 0):
 garbage-first heap   total 71680K, used 31680K [0x0000000080000000, 0x0000000100000000)
  region size 1024K, 3 young (3072K), 3 survivors (3072K)
 Metaspace       used 44242K, committed 45120K, reserved 1114112K
  class space    used 5917K, committed 6336K, reserved 1048576K
}
Event: 12.244 GC heap before
{Heap before GC invocations=11 (full 0):
 garbage-first heap   total 71680K, used 41920K [0x0000000080000000, 0x0000000100000000)
  region size 1024K, 12 young (12288K), 3 survivors (3072K)
 Metaspace       used 45095K, committed 46016K, reserved 1114112K
  class space    used 6043K, committed 6464K, reserved 1048576K
}
Event: 12.249 GC heap after
{Heap after GC invocations=12 (full 0):
 garbage-first heap   total 71680K, used 34208K [0x0000000080000000, 0x0000000100000000)
  region size 1024K, 1 young (1024K), 1 survivors (1024K)
 Metaspace       used 45095K, committed 46016K, reserved 1114112K
  class space    used 6043K, committed 6464K, reserved 1048576K
}
Event: 13.216 GC heap before
{Heap before GC invocations=13 (full 0):
 garbage-first heap   total 71680K, used 65952K [0x0000000080000000, 0x0000000100000000)
  region size 1024K, 30 young (30720K), 1 survivors (1024K)
 Metaspace       used 49214K, committed 50432K, reserved 1114112K
  class space    used 6600K, committed 7168K, reserved 1048576K
}
Event: 13.222 GC heap after
{Heap after GC invocations=14 (full 0):
 garbage-first heap   total 71680K, used 34268K [0x0000000080000000, 0x0000000100000000)
  region size 1024K, 3 young (3072K), 3 survivors (3072K)
 Metaspace       used 49214K, committed 50432K, reserved 1114112K
  class space    used 6600K, committed 7168K, reserved 1048576K
}
Event: 13.753 GC heap before
{Heap before GC invocations=14 (full 0):
 garbage-first heap   total 71680K, used 62940K [0x0000000080000000, 0x0000000100000000)
  region size 1024K, 32 young (32768K), 3 survivors (3072K)
 Metaspace       used 52927K, committed 54400K, reserved 1114112K
  class space    used 7215K, committed 7936K, reserved 1048576K
}
Event: 13.759 GC heap after
{Heap after GC invocations=15 (full 0):
 garbage-first heap   total 71680K, used 36054K [0x0000000080000000, 0x0000000100000000)
  region size 1024K, 2 young (2048K), 2 survivors (2048K)
 Metaspace       used 52927K, committed 54400K, reserved 1114112K
  class space    used 7215K, committed 7936K, reserved 1048576K
}

